2013-04-24T13:30:48.036034+00:00 app[web.1]:   vendor/bundle/ruby/2.0.0/gems/actionpack-4.0.0.beta1/lib/action_dispatch/middleware/request_id.rb:21:in `call'
2013-04-24T13:30:48.035773+00:00 app[web.1]: => Call with -d to detach
2013-04-24T13:30:48.036034+00:00 app[web.1]:   vendor/bundle/ruby/2.0.0/gems/activesupport-4.0.0.beta1/lib/active_support/cache/strategy/local_cache.rb:72:in `call'
2013-04-24T13:30:48.036270+00:00 app[web.1]:   vendor/bundle/ruby/2.0.0/gems/rack-1.5.2/lib/rack/lock.rb:17:in `call'
2013-04-24T13:30:48.035773+00:00 app[web.1]: I, [2013-04-24T13:04:51.410871 #2]  INFO -- : Started GET "/" for 118.111.188.62 at 2013-04-24 13:04:51 +0000
2013-04-24T13:30:48.036270+00:00 app[web.1]:   vendor/bundle/ruby/2.0.0/gems/rack-1.5.2/lib/rack/content_length.rb:14:in `call'
2013-04-24T13:30:48.035773+00:00 app[web.1]: F, [2013-04-24T13:04:51.966141 #2] FATAL -- : 
2013-04-24T13:30:48.036034+00:00 app[web.1]:   vendor/bundle/ruby/2.0.0/gems/activesupport-4.0.0.beta1/lib/active_support/tagged_logging.rb:25:in `tagged'
2013-04-24T13:30:48.035773+00:00 app[web.1]: ActionController::RoutingError (No route matches [GET] "/"):
2013-04-24T13:30:48.036034+00:00 app[web.1]:   vendor/bundle/ruby/2.0.0/gems/activesupport-4.0.0.beta1/lib/active_support/tagged_logging.rb:67:in `block in tagged'
2013-04-24T13:30:48.036270+00:00 app[web.1]:   vendor/ruby-2.0.0/lib/ruby/2.0.0/webrick/httpserver.rb:94:in `run'
2013-04-24T13:30:48.035773+00:00 app[web.1]:   vendor/bundle/ruby/2.0.0/gems/actionpack-4.0.0.beta1/lib/action_dispatch/middleware/show_exceptions.rb:30:in `call'
2013-04-24T13:30:48.035773+00:00 app[web.1]:   vendor/bundle/ruby/2.0.0/gems/railties-4.0.0.beta1/lib/rails/rack/logger.rb:38:in `call_app'
2013-04-24T13:30:48.036034+00:00 app[web.1]:   vendor/bundle/ruby/2.0.0/gems/railties-4.0.0.beta1/lib/rails/rack/logger.rb:21:in `call'
2013-04-24T13:30:48.036034+00:00 app[web.1]:   vendor/bundle/ruby/2.0.0/gems/railties-4.0.0.beta1/lib/rails/rack/logger.rb:21:in `block in call'
2013-04-24T13:30:48.036034+00:00 app[web.1]:   vendor/bundle/ruby/2.0.0/gems/rack-1.5.2/lib/rack/methodoverride.rb:21:in `call'
2013-04-24T13:30:48.035773+00:00 app[web.1]: => Ctrl-C to shutdown server
2013-04-24T13:30:48.036270+00:00 app[web.1]:   vendor/ruby-2.0.0/lib/ruby/2.0.0/webrick/httpserver.rb:138:in `service'
2013-04-24T13:30:48.036034+00:00 app[web.1]:   vendor/bundle/ruby/2.0.0/gems/rack-1.5.2/lib/rack/runtime.rb:17:in `call'
2013-04-24T13:30:48.036270+00:00 app[web.1]:   vendor/bundle/ruby/2.0.0/gems/railties-4.0.0.beta1/lib/rails/application.rb:96:in `call'
2013-04-24T13:30:48.036270+00:00 app[web.1]:   vendor/bundle/ruby/2.0.0/gems/rack-1.5.2/lib/rack/handler/webrick.rb:60:in `service'
2013-04-24T13:30:48.036270+00:00 app[web.1]:   vendor/ruby-2.0.0/lib/ruby/2.0.0/webrick/server.rb:295:in `block in start_thread'
2013-04-24T13:30:48.036494+00:00 app[web.1]: F, [2013-04-24T13:04:52.759453 #2] FATAL -- : 
2013-04-24T13:30:48.036034+00:00 app[web.1]:   vendor/bundle/ruby/2.0.0/gems/railties-4.0.0.beta1/lib/rails/engine.rb:510:in `call'
2013-04-24T13:30:48.036270+00:00 app[web.1]: 
2013-04-24T13:30:48.036494+00:00 app[web.1]: ActionController::RoutingError (No route matches [GET] "/favicon.ico"):
2013-04-24T13:30:48.036494+00:00 app[web.1]:   vendor/bundle/ruby/2.0.0/gems/activesupport-4.0.0.beta1/lib/active_support/tagged_logging.rb:67:in `block in tagged'
2013-04-24T13:30:48.036270+00:00 app[web.1]: 
2013-04-24T13:30:48.036270+00:00 app[web.1]: I, [2013-04-24T13:04:52.756540 #2]  INFO -- : Started GET "/favicon.ico" for 118.111.188.62 at 2013-04-24 13:04:52 +0000
2013-04-24T13:30:48.036494+00:00 app[web.1]:   vendor/bundle/ruby/2.0.0/gems/actionpack-4.0.0.beta1/lib/action_dispatch/middleware/debug_exceptions.rb:21:in `call'
2013-04-24T13:30:48.036494+00:00 app[web.1]:   vendor/bundle/ruby/2.0.0/gems/railties-4.0.0.beta1/lib/rails/rack/logger.rb:21:in `block in call'
2013-04-24T13:30:48.039965+00:00 heroku[router]: at=info method=GET path=/favicon.ico host=shophub.herokuapp.com fwd="118.111.188.62" dyno=web.1 connect=0ms service=20ms status=404 bytes=791
2013-04-24T13:30:48.036494+00:00 app[web.1]:   vendor/bundle/ruby/2.0.0/gems/actionpack-4.0.0.beta1/lib/action_dispatch/middleware/show_exceptions.rb:30:in `call'
2013-04-24T13:30:48.036494+00:00 app[web.1]:   vendor/bundle/ruby/2.0.0/gems/railties-4.0.0.beta1/lib/rails/rack/logger.rb:38:in `call_app'
2013-04-24T13:30:48.036718+00:00 app[web.1]:   vendor/bundle/ruby/2.0.0/gems/actionpack-4.0.0.beta1/lib/action_dispatch/middleware/request_id.rb:21:in `call'
2013-04-24T13:30:48.036494+00:00 app[web.1]:   vendor/bundle/ruby/2.0.0/gems/activesupport-4.0.0.beta1/lib/active_support/tagged_logging.rb:25:in `tagged'
2013-04-24T13:30:48.036718+00:00 app[web.1]:   vendor/bundle/ruby/2.0.0/gems/rack-1.5.2/lib/rack/runtime.rb:17:in `call'
2013-04-24T13:30:48.036718+00:00 app[web.1]:   vendor/bundle/ruby/2.0.0/gems/rack-1.5.2/lib/rack/methodoverride.rb:21:in `call'
2013-04-24T13:30:48.036494+00:00 app[web.1]:   vendor/bundle/ruby/2.0.0/gems/activesupport-4.0.0.beta1/lib/active_support/tagged_logging.rb:67:in `tagged'
2013-04-24T13:30:48.036494+00:00 app[web.1]:   vendor/bundle/ruby/2.0.0/gems/railties-4.0.0.beta1/lib/rails/rack/logger.rb:21:in `call'
2013-04-24T13:30:48.036718+00:00 app[web.1]:   vendor/bundle/ruby/2.0.0/gems/rack-1.5.2/lib/rack/lock.rb:17:in `call'
2013-04-24T13:30:48.036718+00:00 app[web.1]:   vendor/bundle/ruby/2.0.0/gems/rack-1.5.2/lib/rack/handler/webrick.rb:60:in `service'
2013-04-24T13:30:48.036947+00:00 app[web.1]: 
2013-04-24T13:30:48.036718+00:00 app[web.1]:   vendor/ruby-2.0.0/lib/ruby/2.0.0/webrick/httpserver.rb:138:in `service'
2013-04-24T13:30:48.036947+00:00 app[web.1]: 
2013-04-24T13:30:48.036718+00:00 app[web.1]:   vendor/bundle/ruby/2.0.0/gems/railties-4.0.0.beta1/lib/rails/application.rb:96:in `call'
2013-04-24T13:30:48.036947+00:00 app[web.1]:   vendor/ruby-2.0.0/lib/ruby/2.0.0/webrick/server.rb:295:in `block in start_thread'
2013-04-24T13:30:48.036718+00:00 app[web.1]:   vendor/bundle/ruby/2.0.0/gems/activesupport-4.0.0.beta1/lib/active_support/cache/strategy/local_cache.rb:72:in `call'
2013-04-24T13:30:48.036718+00:00 app[web.1]:   vendor/bundle/ruby/2.0.0/gems/rack-1.5.2/lib/rack/content_length.rb:14:in `call'
2013-04-24T13:30:48.036718+00:00 app[web.1]:   vendor/bundle/ruby/2.0.0/gems/railties-4.0.0.beta1/lib/rails/engine.rb:510:in `call'
2013-04-24T13:30:48.036947+00:00 app[web.1]:   vendor/ruby-2.0.0/lib/ruby/2.0.0/webrick/httpserver.rb:94:in `run'
2013-04-24T13:30:48.036947+00:00 app[web.1]: ActionController::RoutingError (No route matches [GET] "/"):
2013-04-24T13:30:48.036947+00:00 app[web.1]:   vendor/bundle/ruby/2.0.0/gems/actionpack-4.0.0.beta1/lib/action_dispatch/middleware/debug_exceptions.rb:21:in `call'
2013-04-24T13:30:48.036947+00:00 app[web.1]:   vendor/bundle/ruby/2.0.0/gems/actionpack-4.0.0.beta1/lib/action_dispatch/middleware/show_exceptions.rb:30:in `call'
2013-04-24T13:30:48.036947+00:00 app[web.1]: I, [2013-04-24T13:30:47.566026 #2]  INFO -- : Started GET "/" for 118.111.188.62 at 2013-04-24 13:30:47 +0000
2013-04-24T13:30:48.036947+00:00 app[web.1]: F, [2013-04-24T13:30:47.573681 #2] FATAL -- : 
2013-04-24T13:30:48.036947+00:00 app[web.1]:   vendor/bundle/ruby/2.0.0/gems/railties-4.0.0.beta1/lib/rails/rack/logger.rb:38:in `call_app'
2013-04-24T13:30:48.037172+00:00 app[web.1]:   vendor/bundle/ruby/2.0.0/gems/activesupport-4.0.0.beta1/lib/active_support/tagged_logging.rb:67:in `block in tagged'
2013-04-24T13:30:48.037172+00:00 app[web.1]:   vendor/bundle/ruby/2.0.0/gems/activesupport-4.0.0.beta1/lib/active_support/tagged_logging.rb:25:in `tagged'
2013-04-24T13:30:48.037172+00:00 app[web.1]:   vendor/bundle/ruby/2.0.0/gems/railties-4.0.0.beta1/lib/rails/rack/logger.rb:21:in `block in call'
2013-04-24T13:30:48.037172+00:00 app[web.1]:   vendor/bundle/ruby/2.0.0/gems/activesupport-4.0.0.beta1/lib/active_support/tagged_logging.rb:67:in `tagged'
2013-04-24T13:30:48.037172+00:00 app[web.1]:   vendor/bundle/ruby/2.0.0/gems/railtie
s-4.0.0.beta1/lib/rails/engine.rb:510:in `call'
2013-04-24T13:30:48.037401+00:00 app[web.1]:   vendor/ruby-2.0.0/lib/ruby/2.0.0/webrick/httpserver.rb:138:in `service'
2013-04-24T13:30:48.037172+00:00 app[web.1]:   vendor/bundle/ruby/2.0.0/gems/railties-4.0.0.beta1/lib/rails/rack/logger.rb:21:in `call'
2013-04-24T13:30:48.037401+00:00 app[web.1]:   vendor/ruby-2.0.0/lib/ruby/2.0.0/webrick/httpserver.rb:94:in `run'
2013-04-24T13:30:48.037401+00:00 app[web.1]:   vendor/bundle/ruby/2.0.0/gems/rack-1.5.2/lib/rack/content_length.rb:14:in `call'
2013-04-24T13:30:48.037172+00:00 app[web.1]:   vendor/bundle/ruby/2.0.0/gems/activesupport-4.0.0.beta1/lib/active_support/cache/strategy/local_cache.rb:72:in `call'
2013-04-24T13:30:48.037172+00:00 app[web.1]:   vendor/bundle/ruby/2.0.0/gems/rack-1.5.2/lib/rack/methodoverride.rb:21:in `call'
2013-04-24T13:30:48.037401+00:00 app[web.1]:   vendor/bundle/ruby/2.0.0/gems/railties-4.0.0.beta1/lib/rails/application.rb:96:in `call'
2013-04-24T13:30:48.037401+00:00 app[web.1]: 
2013-04-24T13:30:48.037172+00:00 app[web.1]:   vendor/bundle/ruby/2.0.0/gems/actionpack-4.0.0.beta1/lib/action_dispatch/middleware/request_id.rb:21:in `call'
2013-04-24T13:30:48.037401+00:00 app[web.1]: 
2013-04-24T13:30:48.037401+00:00 app[web.1]:   vendor/bundle/ruby/2.0.0/gems/rack-1.5.2/lib/rack/lock.rb:17:in `call'
2013-04-24T13:30:48.037172+00:00 app[web.1]:   vendor/bundle/ruby/2.0.0/gems/rack-1.5.2/lib/rack/runtime.rb:17:in `call'
2013-04-24T13:30:48.037401+00:00 app[web.1]:   vendor/ruby-2.0.0/lib/ruby/2.0.0/webrick/server.rb:295:in `block in start_thread'
2013-04-24T13:30:48.037624+00:00 app[web.1]: F, [2013-04-24T13:30:48.035143 #2] FATAL -- : 
2013-04-24T13:30:48.037624+00:00 app[web.1]:   vendor/bundle/ruby/2.0.0/gems/railties-4.0.0.beta1/lib/rails/rack/logger.rb:21:in `block in call'
2013-04-24T13:30:48.037624+00:00 app[web.1]: ActionController::RoutingError (No route matches [GET] "/favicon.ico"):
2013-04-24T13:30:48.037624+00:00 app[web.1]:   vendor/bundle/ruby/2.0.0/gems/actionpack-4.0.0.beta1/lib/action_dispatch/middleware/show_exceptions.rb:30:in `call'
2013-04-24T13:30:48.037624+00:00 app[web.1]:   vendor/bundle/ruby/2.0.0/gems/railties-4.0.0.beta1/lib/rails/rack/logger.rb:38:in `call_app'
2013-04-24T13:30:48.037401+00:00 app[web.1]: I, [2013-04-24T13:30:48.032342 #2]  INFO -- : Started GET "/favicon.ico" for 118.111.188.62 at 2013-04-24 13:30:48 +0000
2013-04-24T13:30:48.037624+00:00 app[web.1]:   vendor/bundle/ruby/2.0.0/gems/railties-4.0.0.beta1/lib/rails/rack/logger.rb:21:in `call'
2013-04-24T13:30:48.037401+00:00 app[web.1]:   vendor/bundle/ruby/2.0.0/gems/rack-1.5.2/lib/rack/handler/webrick.rb:60:in `service'
2013-04-24T13:30:48.037624+00:00 app[web.1]:   vendor/bundle/ruby/2.0.0/gems/actionpack-4.0.0.beta1/lib/action_dispatch/middleware/debug_exceptions.rb:21:in `call'
2013-04-24T13:30:48.037624+00:00 app[web.1]:   vendor/bundle/ruby/2.0.0/gems/activesupport-4.0.0.beta1/lib/active_support/tagged_logging.rb:67:in `block in tagged'
2013-04-24T13:30:48.037624+00:00 app[web.1]:   vendor/bundle/ruby/2.0.0/gems/activesupport-4.0.0.beta1/lib/active_support/tagged_logging.rb:25:in `tagged'
2013-04-24T13:30:48.037848+00:00 app[web.1]:   vendor/bundle/ruby/2.0.0/gems/actionpack-4.0.0.beta1/lib/action_dispatch/middleware/request_id.rb:21:in `call'
2013-04-24T13:30:48.037848+00:00 app[web.1]:   vendor/bundle/ruby/2.0.0/gems/rack-1.5.2/lib/rack/methodoverride.rb:21:in `call'
2013-04-24T13:30:48.037624+00:00 app[web.1]:   vendor/bundle/ruby/2.0.0/gems/activesupport-4.0.0.beta1/lib/active_support/tagged_logging.rb:67:in `tagged'
2013-04-24T13:30:48.037848+00:00 app[web.1]:   vendor/bundle/ruby/2.0.0/gems/activesupport-4.0.0.beta1/lib/active_support/cache/strategy/local_cache.rb:72:in `call'
2013-04-24T13:30:48.037848+00:00 app[web.1]:   vendor/bundle/ruby/2.0.0/gems/railties-4.0.0.beta1/lib/rails/engine.rb:510:in `call'
2013-04-24T13:30:48.037848+00:00 app[web.1]:   vendor/bundle/ruby/2.0.0/gems/rack-1.5.2/lib/rack/content_length.rb:14:in `call'
2013-04-24T13:30:48.037848+00:00 app[web.1]:   vendor/bundle/ruby/2.0.0/gems/rack-1.5.2/lib/rack/handler/webrick.rb:60:in `service'
2013-04-24T13:30:48.037848+00:00 app[web.1]:   vendor/bundle/ruby/2.0.0/gems/rack-1.5.2/lib/rack/lock.rb:17:in `call'
2013-04-24T13:30:48.037848+00:00 app[web.1]:   vendor/bundle/ruby/2.0.0/gems/railties-4.0.0.beta1/lib/rails/application.rb:96:in `call'
2013-04-24T13:30:48.037848+00:00 app[web.1]:   vendor/bundle/ruby/2.0.0/gems/rack-1.5.2/lib/rack/runtime.rb:17:in `call'
2013-04-24T13:30:48.037848+00:00 app[web.1]:   vendor/ruby-2.0.0/lib/ruby/2.0.0/webrick/httpserver.rb:138:in `service'
2013-04-24T13:30:48.038079+00:00 app[web.1]:   vendor/ruby-2.0.0/lib/ruby/2.0.0/webrick/httpserver.rb:94:in `run'
2013-04-24T13:30:48.038079+00:00 app[web.1]:   vendor/ruby-2.0.0/lib/ruby/2.0.0/webrick/server.rb:295:in `block in start_thread'
2013-04-24T13:30:48.038079+00:00 app[web.1]: 
2013-04-24T13:30:48.038079+00:00 app[web.1]: 
